<?xml version="1.0" encoding="utf-8" ?>
<!DOCTYPE html PUBLIC "-//W3C//DTD XHTML 1.0 Strict//EN"
        "http://www.w3.org/TR/xhtml1/DTD/xhtml1-strict.dtd">
<html xmlns="http://www.w3.org/1999/xhtml" xml:lang="" lang="">
<head>
  <title>Automation Test Report - Firefox-WINDOWS-7</title>
  <meta http-equiv="Content-Type" content="text/html;charset=utf-8" />
  <meta name="description" content="TestNG unit test results." />
  <link href="reportng.css" rel="stylesheet" type="text/css" />
    <link href="custom.css" rel="stylesheet" type="text/css" />
    <script type="text/javascript" src="reportng.js"></script>
</head>
<body>
<h1>Firefox-WINDOWS-7</h1>
<p>
  Test duration: 30.695s
</p>



  <table class="resultsTable">
    <tr><th colspan="3" class="header failed">Failed Tests</th></tr>
          <tr>
        <td colspan="3" class="group">timeoutTests</td>
      </tr>
            
<tr>
  <td class="method">
                  <span class="description" title="Suite Timeout Log and Report Test">testSuite</span>
      </td>
  <td class="duration">
    21.350s
  </td>
  <td class="result">
        
    
            <div class="testOutput">
                        <p>FAILED - testSuite - test2 @ 10:51:11:644</p>
                                <p>java.lang.AssertionError: Sleep Interrupt: We most likely hit the testng timeout set by suite.windows.timeout in build.properties</p>
                                <p>  org.testng.Assert.fail(Assert.java:83) (with others of org.testng.* omitted)</p>
                                <p>  timeoutTests.testSuite(Unknown Source)</p>
                                <p>  sun.reflect.NativeMethodAccessorImpl.invoke0(Native Method) (with others of java.lang.reflect.* or sun.reflect.* omitted)</p>
                                <p>  java.util.concurrent.FutureTask.run(FutureTask.java:262)</p>
                                <p>  java.util.concurrent.ThreadPoolExecutor.runWorker(ThreadPoolExecutor.java:1145)</p>
                                <p>  java.util.concurrent.ThreadPoolExecutor$Worker.run(ThreadPoolExecutor.java:615)</p>
                                <p>  java.lang.Thread.run(Thread.java:745)</p>
                  </div>
    

        <a href="javascript:toggleElement('exception-0', 'block')" title="Click to expand/collapse"><b>java.lang.AssertionError: Sleep Interrupt: We most likely hit the testng timeout set by suite.windows.timeout in build.properties</b></a><br />
    <div class="stackTrace" id="exception-0">
              org.testng.Assert.fail(Assert.java:83)<br />
              timeoutTests.testSuite(Unknown Source)<br />
              sun.reflect.NativeMethodAccessorImpl.invoke0(Native Method)<br />
              sun.reflect.NativeMethodAccessorImpl.invoke(NativeMethodAccessorImpl.java:57)<br />
              sun.reflect.DelegatingMethodAccessorImpl.invoke(DelegatingMethodAccessorImpl.java:43)<br />
              java.lang.reflect.Method.invoke(Method.java:606)<br />
              org.testng.internal.MethodInvocationHelper.invokeMethod(MethodInvocationHelper.java:84)<br />
              org.testng.internal.InvokeMethodRunnable.runOne(InvokeMethodRunnable.java:46)<br />
              org.testng.internal.InvokeMethodRunnable.run(InvokeMethodRunnable.java:37)<br />
              org.testng.internal.MethodInvocationHelper.invokeWithTimeoutWithNoExecutor(MethodInvocationHelper.java:240)<br />
              org.testng.internal.MethodInvocationHelper.invokeWithTimeout(MethodInvocationHelper.java:229)<br />
              org.testng.internal.Invoker.invokeMethod(Invoker.java:724)<br />
              org.testng.internal.Invoker.invokeTestMethod(Invoker.java:901)<br />
              org.testng.internal.Invoker.invokeTestMethods(Invoker.java:1231)<br />
              org.testng.internal.TestMethodWorker.invokeTestMethods(TestMethodWorker.java:127)<br />
              org.testng.internal.TestMethodWorker.run(TestMethodWorker.java:111)<br />
              org.testng.TestRunner.privateRun(TestRunner.java:767)<br />
              org.testng.TestRunner.run(TestRunner.java:617)<br />
              org.testng.SuiteRunner.runTest(SuiteRunner.java:334)<br />
              org.testng.SuiteRunner.access$000(SuiteRunner.java:37)<br />
              org.testng.SuiteRunner$SuiteWorker.run(SuiteRunner.java:368)<br />
              org.testng.internal.thread.ThreadUtil$2.call(ThreadUtil.java:64)<br />
              java.util.concurrent.FutureTask.run(FutureTask.java:262)<br />
              java.util.concurrent.ThreadPoolExecutor.runWorker(ThreadPoolExecutor.java:1145)<br />
              java.util.concurrent.ThreadPoolExecutor$Worker.run(ThreadPoolExecutor.java:615)<br />
              java.lang.Thread.run(Thread.java:745)<br />
                </div>
      </td>
</tr>
      </table>


  
</body>
</html>
